2025-03-27 19:29:47.536 | INFO     | __main__:main:162 - ==================================
2025-03-27 19:29:47.536 | INFO     | __main__:main:163 - STARTING prepare_customers_data.py
2025-03-27 19:29:47.536 | INFO     | __main__:main:164 - ==================================
2025-03-27 19:29:47.536 | INFO     | __main__:main:166 - Root project folder: C:\Projects\smart-store-robertdavis
2025-03-27 19:29:47.536 | INFO     | __main__:main:167 - data / raw folder: C:\Projects\smart-store-robertdavis\data\raw
2025-03-27 19:29:47.536 | INFO     | __main__:main:168 - data / prepared folder: C:\Projects\smart-store-robertdavis\data\prepared
2025-03-27 19:29:47.536 | INFO     | __main__:main:169 - scripts folder: C:\Projects\smart-store-robertdavis\scripts
2025-03-27 19:29:47.536 | INFO     | __main__:read_raw_data:66 - FUNCTION START: read_raw_data with file_name=customers_data.csv
2025-03-27 19:29:47.536 | INFO     | __main__:read_raw_data:68 - Reading data from C:\Projects\smart-store-robertdavis\data\raw\customers_data.csv
2025-03-27 19:29:47.541 | INFO     | __main__:read_raw_data:70 - Loaded dataframe with 11 rows and 6 columns
2025-03-27 19:29:47.541 | INFO     | __main__:main:178 - Initial dataframe columns: CustomerID, Name, Region, JoinDate, LoyaltyPoints, Gender
2025-03-27 19:29:47.541 | INFO     | __main__:main:179 - Initial dataframe shape: (11, 6)
2025-03-27 19:29:47.541 | INFO     | __main__:remove_duplicates:98 - FUNCTION START: remove_duplicates with dataframe shape=(11, 6)
2025-03-27 19:29:47.545 | INFO     | __main__:remove_duplicates:102 - Removed 0 duplicate rows
2025-03-27 19:29:47.546 | INFO     | __main__:remove_duplicates:103 - 11 records remaining after removing duplicates.
2025-03-27 19:29:47.546 | INFO     | __main__:handle_missing_values:117 - FUNCTION START: handle_missing_values with dataframe shape=(11, 6)
2025-03-27 19:29:47.547 | INFO     | __main__:handle_missing_values:121 - Total missing values before handling: 0
2025-03-27 19:29:47.547 | INFO     | __main__:handle_missing_values:130 - Total missing values after handling: 0
2025-03-27 19:29:47.547 | INFO     | __main__:handle_missing_values:131 - 11 records remaining after handling missing values.
2025-03-27 19:29:47.547 | INFO     | __main__:remove_outliers:145 - FUNCTION START: remove_outliers with dataframe shape=(11, 6)
2025-03-27 19:29:47.548 | INFO     | __main__:remove_outliers:153 - Removed 0 outlier rows
2025-03-27 19:29:47.548 | INFO     | __main__:remove_outliers:154 - 11 records remaining after removing outliers.
2025-03-27 19:29:47.548 | INFO     | __main__:save_prepared_data:81 - FUNCTION START: save_prepared_data with file_name=customers_data_prepared.csv, dataframe shape=(11, 6)
2025-03-27 19:29:47.551 | INFO     | __main__:save_prepared_data:84 - Data saved to C:\Projects\smart-store-robertdavis\data\prepared\customers_data_prepared.csv
2025-03-27 19:29:47.553 | INFO     | __main__:main:202 - ==================================
2025-03-27 19:29:47.553 | INFO     | __main__:main:203 - FINISHED prepare_customers_data.py
2025-03-27 19:29:47.553 | INFO     | __main__:main:204 - ==================================
2025-03-27 19:29:48.235 | INFO     | __main__:main:227 - ==================================
2025-03-27 19:29:48.235 | INFO     | __main__:main:228 - STARTING prepare_products_data.py
2025-03-27 19:29:48.235 | INFO     | __main__:main:229 - ==================================
2025-03-27 19:29:48.235 | INFO     | __main__:main:231 - Root project folder: C:\Projects\smart-store-robertdavis
2025-03-27 19:29:48.235 | INFO     | __main__:main:232 - data / raw folder: C:\Projects\smart-store-robertdavis\data\raw
2025-03-27 19:29:48.235 | INFO     | __main__:main:233 - data / prepared folder: C:\Projects\smart-store-robertdavis\data\prepared
2025-03-27 19:29:48.235 | INFO     | __main__:read_raw_data:59 - FUNCTION START: read_raw_data with file_name=products_data.csv
2025-03-27 19:29:48.235 | INFO     | __main__:read_raw_data:61 - Reading data from C:\Projects\smart-store-robertdavis\data\raw\products_data.csv
2025-03-27 19:29:48.235 | INFO     | __main__:read_raw_data:63 - Loaded dataframe with 8 rows and 6 columns
2025-03-27 19:29:48.235 | INFO     | __main__:main:242 - Initial dataframe columns: ProductID, ProductName, Category, UnitPrice, StockQuantity, Supplier
2025-03-27 19:29:48.235 | INFO     | __main__:main:243 - Initial dataframe shape: (8, 6)
2025-03-27 19:29:48.235 | INFO     | __main__:main:252 - Cleaned column names: ProductID -> productid, ProductName -> productname, Category -> category, UnitPrice -> unitprice, StockQuantity -> stockquantity, Supplier -> supplier
2025-03-27 19:29:48.235 | INFO     | __main__:remove_duplicates:96 - FUNCTION START: remove_duplicates with dataframe shape=(8, 6)
2025-03-27 19:29:48.235 | INFO     | __main__:remove_duplicates:106 - Removed 0 duplicate rows
2025-03-27 19:29:48.235 | INFO     | __main__:remove_duplicates:107 - 8 records remaining after removing duplicates.
2025-03-27 19:29:48.235 | INFO     | __main__:handle_missing_values:121 - FUNCTION START: handle_missing_values with dataframe shape=(8, 6)
2025-03-27 19:29:48.242 | INFO     | __main__:handle_missing_values:126 - Missing values by column before handling:
productid        0
productname      0
category         0
unitprice        0
stockquantity    0
supplier         0
dtype: int64
2025-03-27 19:29:48.243 | INFO     | __main__:handle_missing_values:140 - Missing values by column after handling:
productid        0
productname      0
category         0
unitprice        0
stockquantity    0
supplier         0
dtype: int64
2025-03-27 19:29:48.243 | INFO     | __main__:handle_missing_values:141 - 8 records remaining after handling missing values.
2025-03-27 19:29:48.244 | INFO     | __main__:standardize_formats:188 - FUNCTION START: standardize_formats with dataframe shape=(8, 6)
2025-03-27 19:29:48.245 | INFO     | __main__:standardize_formats:198 - Completed standardizing formats
2025-03-27 19:29:48.245 | INFO     | __main__:remove_outliers:155 - FUNCTION START: remove_outliers with dataframe shape=(8, 6)
2025-03-27 19:29:48.245 | INFO     | __main__:remove_outliers:174 - Removed 0 outlier rows
2025-03-27 19:29:48.245 | INFO     | __main__:remove_outliers:175 - 8 records remaining after removing outliers.
2025-03-27 19:29:48.245 | INFO     | __main__:validate_data:211 - FUNCTION START: validate_data with dataframe shape=(8, 6)
2025-03-27 19:29:48.246 | INFO     | __main__:validate_data:220 - Data validation complete
2025-03-27 19:29:48.246 | INFO     | __main__:save_prepared_data:81 - FUNCTION START: save_prepared_data with file_name=products_data_prepared.csv, dataframe shape=(8, 6)
2025-03-27 19:29:48.248 | INFO     | __main__:save_prepared_data:84 - Data saved to C:\Projects\smart-store-robertdavis\data\prepared\products_data_prepared.csv
2025-03-27 19:29:48.249 | INFO     | __main__:main:264 - ==================================
2025-03-27 19:29:48.249 | INFO     | __main__:main:265 - FINISHED prepare_products_data.py
2025-03-27 19:29:48.249 | INFO     | __main__:main:266 - ==================================
2025-03-27 19:29:48.855 | INFO     | __main__:main:227 - ==================================
2025-03-27 19:29:48.855 | INFO     | __main__:main:228 - STARTING prepare_sales_data.py
2025-03-27 19:29:48.855 | INFO     | __main__:main:229 - ==================================
2025-03-27 19:29:48.855 | INFO     | __main__:main:231 - Root project folder: C:\Projects\smart-store-robertdavis
2025-03-27 19:29:48.855 | INFO     | __main__:main:232 - data / raw folder: C:\Projects\smart-store-robertdavis\data\raw
2025-03-27 19:29:48.855 | INFO     | __main__:main:233 - data / prepared folder: C:\Projects\smart-store-robertdavis\data\prepared
2025-03-27 19:29:48.855 | INFO     | __main__:read_raw_data:59 - FUNCTION START: read_raw_data with file_name=sales_data.csv
2025-03-27 19:29:48.855 | INFO     | __main__:read_raw_data:61 - Reading data from C:\Projects\smart-store-robertdavis\data\raw\sales_data.csv
2025-03-27 19:29:48.903 | INFO     | __main__:read_raw_data:63 - Loaded dataframe with 100 rows and 9 columns
2025-03-27 19:29:48.903 | INFO     | __main__:main:242 - Initial dataframe columns: TransactionID, SaleDate, CustomerID, ProductID, StoreID, CampaignID, SaleAmount, DiscountPercent, PaymentType
2025-03-27 19:29:48.903 | INFO     | __main__:main:243 - Initial dataframe shape: (100, 9)
2025-03-27 19:29:48.903 | INFO     | __main__:main:252 - Cleaned column names: TransactionID -> transactionid, SaleDate -> saledate, CustomerID -> customerid, ProductID -> productid, StoreID -> storeid, CampaignID -> campaignid, SaleAmount -> saleamount, DiscountPercent -> discountpercent, PaymentType -> paymenttype
2025-03-27 19:29:48.903 | INFO     | __main__:remove_duplicates:96 - FUNCTION START: remove_duplicates with dataframe shape=(100, 9)
2025-03-27 19:29:48.903 | INFO     | __main__:remove_duplicates:106 - Removed 2 duplicate rows
2025-03-27 19:29:48.903 | INFO     | __main__:remove_duplicates:107 - 98 records remaining after removing duplicates.
2025-03-27 19:29:48.903 | INFO     | __main__:handle_missing_values:121 - FUNCTION START: handle_missing_values with dataframe shape=(98, 9)
2025-03-27 19:29:48.903 | INFO     | __main__:handle_missing_values:126 - Missing values by column before handling:
transactionid      4
saledate           4
customerid         4
productid          4
storeid            4
campaignid         4
saleamount         4
discountpercent    0
paymenttype        1
dtype: int64
2025-03-27 19:29:48.903 | INFO     | __main__:handle_missing_values:140 - Missing values by column after handling:
transactionid      4
saledate           4
customerid         4
productid          4
storeid            4
campaignid         4
saleamount         4
discountpercent    0
paymenttype        1
dtype: int64
2025-03-27 19:29:48.903 | INFO     | __main__:handle_missing_values:141 - 98 records remaining after handling missing values.
2025-03-27 19:29:48.903 | INFO     | __main__:standardize_formats:188 - FUNCTION START: standardize_formats with dataframe shape=(98, 9)
2025-03-27 19:29:48.903 | INFO     | __main__:standardize_formats:198 - Completed standardizing formats
2025-03-27 19:29:48.903 | INFO     | __main__:remove_outliers:155 - FUNCTION START: remove_outliers with dataframe shape=(98, 9)
2025-03-27 19:29:48.903 | INFO     | __main__:remove_outliers:174 - Removed 0 outlier rows
2025-03-27 19:29:48.903 | INFO     | __main__:remove_outliers:175 - 98 records remaining after removing outliers.
2025-03-27 19:29:48.903 | INFO     | __main__:validate_data:211 - FUNCTION START: validate_data with dataframe shape=(98, 9)
2025-03-27 19:29:48.915 | INFO     | __main__:validate_data:220 - Data validation complete
2025-03-27 19:29:48.915 | INFO     | __main__:save_prepared_data:81 - FUNCTION START: save_prepared_data with file_name=sales_data_prepared.csv, dataframe shape=(98, 9)
2025-03-27 19:29:48.917 | INFO     | __main__:save_prepared_data:84 - Data saved to C:\Projects\smart-store-robertdavis\data\prepared\sales_data_prepared.csv
2025-03-27 19:29:48.918 | INFO     | __main__:main:264 - ==================================
2025-03-27 19:29:48.918 | INFO     | __main__:main:265 - FINISHED prepare_sales_data.py
2025-03-27 19:29:48.918 | INFO     | __main__:main:266 - ==================================
